<?xml version="1.0" encoding="UTF-8"?>
<testng-results ignored="0" total="1" passed="1" failed="0" skipped="0">
  <reporter-output>
  </reporter-output>
  <suite started-at="2024-12-13T08:44:52 IST" name="Default suite" finished-at="2024-12-13T08:45:38 IST" duration-ms="46056">
    <groups>
    </groups>
    <test started-at="2024-12-13T08:44:52 IST" name="Default test" finished-at="2024-12-13T08:45:38 IST" duration-ms="46056">
      <class name="harishsample.Harish1">
        <test-method is-config="true" signature="beforeTest()[pri:0, instance:harishsample.Harish1@24269709]" started-at="2024-12-13T08:44:52 IST" name="beforeTest" finished-at="2024-12-13T08:45:01 IST" duration-ms="8855" status="PASS">
          <reporter-output>
          </reporter-output>
        </test-method> <!-- beforeTest -->
        <test-method signature="test()[pri:0, instance:harishsample.Harish1@24269709]" started-at="2024-12-13T08:45:01 IST" name="test" finished-at="2024-12-13T08:45:36 IST" duration-ms="35430" status="PASS">
          <reporter-output>
          </reporter-output>
        </test-method> <!-- test -->
        <test-method is-config="true" signature="afterTest()[pri:0, instance:harishsample.Harish1@24269709]" started-at="2024-12-13T08:45:36 IST" name="afterTest" finished-at="2024-12-13T08:45:38 IST" duration-ms="1614" status="PASS">
          <reporter-output>
          </reporter-output>
        </test-method> <!-- afterTest -->
      </class> <!-- harishsample.Harish1 -->
    </test> <!-- Default test -->
  </suite> <!-- Default suite -->
</testng-results>
